# JRE version: OpenJDK Runtime Environment Temurin-17.0.2+8 (17.0.2+8) (build 17.0.2+8)
# Java VM: OpenJDK 64-Bit Server VM Temurin-17.0.2+8 (17.0.2+8, mixed mode, emulated-client, tiered, compressed oops, compressed class ptrs, g1 gc, windows-amd64)
GC Precious Log:
 CPUs: 8 total, 8 available
 Memory: 7914M
 Large Page Support: Disabled
 NUMA Support: Disabled
 Compressed Oops: Enabled (32-bit)
 Heap Region Size: 1M
 Heap Min Capacity: 8M
 Heap Initial Capacity: 124M
 Heap Max Capacity: 1980M
 Pre-touch: Disabled
 Parallel Workers: 8
 Concurrent Workers: 2
 Concurrent Refinement Workers: 8
 Periodic GC: Disabled
Heap:
 garbage-first heap   total 49152K, used 17898K [0x0000000084400000, 0x0000000100000000)
  region size 1024K, 3 young (3072K), 3 survivors (3072K)
 Metaspace       used 49689K, committed 50048K, reserved 1097728K
  class space    used 6733K, committed 6912K, reserved 1048576K
GC Heap History (20 events):
Event: 1.363 GC heap after
{Heap after GC invocations=2 (full 0):
 garbage-first heap   total 126976K, used 8562K [0x0000000084400000, 0x0000000100000000)
  region size 1024K, 2 young (2048K), 2 survivors (2048K)
 Metaspace       used 21311K, committed 21504K, reserved 1073152K
  class space    used 2506K, committed 2624K, reserved 1048576K
}
Event: 1.784 GC heap before
{Heap before GC invocations=3 (full 0):
 garbage-first heap   total 34816K, used 25970K [0x0000000084400000, 0x0000000100000000)
  region size 1024K, 20 young (20480K), 2 survivors (2048K)
 Metaspace       used 23274K, committed 23552K, reserved 1073152K
  class space    used 2795K, committed 2944K, reserved 1048576K
}
Event: 1.789 GC heap after
{Heap after GC invocations=4 (full 0):
 garbage-first heap   total 34816K, used 9619K [0x0000000084400000, 0x0000000100000000)
  region size 1024K, 3 young (3072K), 3 survivors (3072K)
 Metaspace       used 23274K, committed 23552K, reserved 1073152K
  class space    used 2795K, committed 2944K, reserved 1048576K
}
Event: 1.816 GC heap before
{Heap before GC invocations=4 (full 0):
 garbage-first heap   total 34816K, used 10643K [0x0000000084400000, 0x0000000100000000)
  region size 1024K, 4 young (4096K), 3 survivors (3072K)
 Metaspace       used 23454K, committed 23744K, reserved 1073152K
  class space    used 2826K, committed 3008K, reserved 1048576K
}
Event: 1.820 GC heap after
{Heap after GC invocations=5 (full 0):
 garbage-first heap   total 34816K, used 9935K [0x0000000084400000, 0x0000000100000000)
  region size 1024K, 1 young (1024K), 1 survivors (1024K)
 Metaspace       used 23454K, committed 23744K, reserved 1073152K
  class space    used 2826K, committed 3008K, reserved 1048576K
}
Event: 2.140 GC heap before
{Heap before GC invocations=5 (full 0):
 garbage-first heap   total 34816K, used 24271K [0x0000000084400000, 0x0000000100000000)
  region size 1024K, 15 young (15360K), 1 survivors (1024K)
 Metaspace       used 25715K, committed 25984K, reserved 1073152K
  class space    used 3200K, committed 3328K, reserved 1048576K
}
Event: 2.145 GC heap after
{Heap after GC invocations=6 (full 0):
 garbage-first heap   total 34816K, used 10892K [0x0000000084400000, 0x0000000100000000)
  region size 1024K, 2 young (2048K), 2 survivors (2048K)
 Metaspace       used 25715K, committed 25984K, reserved 1073152K
  class space    used 3200K, committed 3328K, reserved 1048576K
}
Event: 2.367 GC heap before
{Heap before GC invocations=6 (full 0):
 garbage-first heap   total 34816K, used 23180K [0x0000000084400000, 0x0000000100000000)
  region size 1024K, 15 young (15360K), 2 survivors (2048K)
 Metaspace       used 28657K, committed 28928K, reserved 1081344K
  class space    used 3594K, committed 3712K, reserved 1048576K
}
Event: 2.370 GC heap after
{Heap after GC invocations=7 (full 0):
 garbage-first heap   total 49152K, used 11669K [0x0000000084400000, 0x0000000100000000)
  region size 1024K, 1 young (1024K), 1 survivors (1024K)
 Metaspace       used 28657K, committed 28928K, reserved 1081344K
  class space    used 3594K, committed 3712K, reserved 1048576K
}
Event: 2.783 GC heap before
{Heap before GC invocations=7 (full 0):
 garbage-first heap   total 49152K, used 33173K [0x0000000084400000, 0x0000000100000000)
  region size 1024K, 23 young (23552K), 1 survivors (1024K)
 Metaspace       used 35266K, committed 35648K, reserved 1081344K
  class space    used 4604K, committed 4800K, reserved 1048576K
}
Event: 2.788 GC heap after
{Heap after GC invocations=8 (full 0):
 garbage-first heap   total 49152K, used 13908K [0x0000000084400000, 0x0000000100000000)
  region size 1024K, 3 young (3072K), 3 survivors (3072K)
 Metaspace       used 35266K, committed 35648K, reserved 1081344K
  class space    used 4604K, committed 4800K, reserved 1048576K
}
Event: 2.808 GC heap before
{Heap before GC invocations=8 (full 0):
 garbage-first heap   total 49152K, used 14932K [0x0000000084400000, 0x0000000100000000)
  region size 1024K, 5 young (5120K), 3 survivors (3072K)
 Metaspace       used 35661K, committed 35968K, reserved 1081344K
  class space    used 4646K, committed 4800K, reserved 1048576K
}
Event: 2.812 GC heap after
{Heap after GC invocations=9 (full 0):
 garbage-first heap   total 49152K, used 14345K [0x0000000084400000, 0x0000000100000000)
  region size 1024K, 1 young (1024K), 1 survivors (1024K)
 Metaspace       used 35661K, committed 35968K, reserved 1081344K
  class space    used 4646K, committed 4800K, reserved 1048576K
}
Event: 3.162 GC heap before
{Heap before GC invocations=10 (full 0):
 garbage-first heap   total 49152K, used 35849K [0x0000000084400000, 0x0000000100000000)
  region size 1024K, 22 young (22528K), 1 survivors (1024K)
 Metaspace       used 41442K, committed 41728K, reserved 1089536K
  class space    used 5429K, committed 5568K, reserved 1048576K
}
Event: 3.165 GC heap after
{Heap after GC invocations=11 (full 0):
 garbage-first heap   total 49152K, used 15103K [0x0000000084400000, 0x0000000100000000)
  region size 1024K, 2 young (2048K), 2 survivors (2048K)
 Metaspace       used 41442K, committed 41728K, reserved 1089536K
  class space    used 5429K, committed 5568K, reserved 1048576K
}
Event: 3.177 GC heap before
{Heap before GC invocations=11 (full 0):
 garbage-first heap   total 49152K, used 16127K [0x0000000084400000, 0x0000000100000000)
  region size 1024K, 3 young (3072K), 2 survivors (2048K)
 Metaspace       used 41512K, committed 41856K, reserved 1089536K
  class space    used 5446K, committed 5632K, reserved 1048576K
}
Event: 3.180 GC heap after
{Heap after GC invocations=12 (full 0):
 garbage-first heap   total 49152K, used 14961K [0x0000000084400000, 0x0000000100000000)
  region size 1024K, 1 young (1024K), 1 survivors (1024K)
 Metaspace       used 41512K, committed 41856K, reserved 1089536K
  class space    used 5446K, committed 5632K, reserved 1048576K
}
Event: 3.527 GC heap before
{Heap before GC invocations=12 (full 0):
 garbage-first heap   total 49152K, used 36465K [0x0000000084400000, 0x0000000100000000)
  region size 1024K, 22 young (22528K), 1 survivors (1024K)
 Metaspace       used 46314K, committed 46656K, reserved 1089536K
  class space    used 6226K, committed 6400K, reserved 1048576K
}
Event: 3.530 GC heap after
{Heap after GC invocations=13 (full 0):
 garbage-first heap   total 49152K, used 15728K [0x0000000084400000, 0x0000000100000000)
  region size 1024K, 1 young (1024K), 1 survivors (1024K)
 Metaspace       used 46314K, committed 46656K, reserved 1089536K
  class space    used 6226K, committed 6400K, reserved 1048576K
}
Event: 3.838 GC heap before
{Heap before GC invocations=14 (full 0):
 garbage-first heap   total 49152K, used 36208K [0x0000000084400000, 0x0000000100000000)
  region size 1024K, 22 young (22528K), 1 survivors (1024K)
 Metaspace       used 49689K, committed 50048K, reserved 1097728K
  class space    used 6733K, committed 6912K, reserved 1048576K
}

